#"Time (ps)" "Potential Energy (kJ/mole)" "Temperature (K)" "Box Volume (nm^3)" "Density (g/mL)" "Speed (ns/day)" "Elapsed Time (s)"
0.10000000000000007 -3590616.441766998 239.91034811986606 148.37410801535628 1.8563965158837346 0 0.0007064342498779297
0.20000000000000015 -3591710.8955362826 246.5430446345332 148.37410801535628 1.8563965158837346 31.1 0.2779526710510254
0.3000000000000002 -3592414.34742721 250.45064767380376 148.37410801535628 1.8563965158837346 28.2 0.6121697425842285
0.4000000000000003 -3592096.9061707314 248.82965249795558 148.37410801535628 1.8563965158837346 29.2 0.8873164653778076
0.5000000000000003 -3590960.294879323 242.12301091248509 148.37410801535628 1.8563965158837346 28.6 1.2084393501281738
0.6000000000000004 -3590410.0676668156 238.8445106860762 148.37410801535628 1.8563965158837346 29.1 1.484412670135498
0.7000000000000005 -3591548.915025363 245.56942927513623 148.37410801535628 1.8563965158837346 27.9 1.85951828956604
0.8000000000000006 -3591826.9227897814 247.28795464278932 148.37410801535628 1.8563965158837346 27.7 2.182034730911255
0.9000000000000007 -3591237.0156125603 243.80113236590796 148.37410801535628 1.8563965158837346 28.1 2.4581315517425537
1.0000000000000007 -3591321.7484862674 244.3182259201665 148.37410801535628 1.8563965158837346 28.5 2.73276686668396
1.0999999999999897 -3591191.7744585853 243.51629199597275 148.37410801535628 1.8563965158837346 28.7 3.0084309577941895
1.1999999999999786 -3591590.2882407983 245.84461273882647 148.37410801535628 1.8563965158837346 28.6 3.3264710903167725
1.2999999999999676 -3591499.8504744964 245.35372648097712 148.37410801535628 1.8563965158837346 28.8 3.6024961471557617
1.3999999999999566 -3591273.4609758137 244.08909892095033 148.37410801535628 1.8563965158837346 29 3.876601219177246
1.4999999999999456 -3591964.790142721 248.0225377252413 148.37410801535628 1.8563965158837346 28.8 4.196201801300049
1.5999999999999346 -3591045.639698711 242.64779656916429 148.37410801535628 1.8563965158837346 29 4.4702348709106445
1.6999999999999236 -3591310.859704307 244.1926557735524 148.37410801535628 1.8563965158837346 29.1 4.743980407714844
1.7999999999999126 -3591295.043140132 244.10913919604315 148.37410801535628 1.8563965158837346 29.3 5.019071578979492
1.8999999999999015 -3591819.338801491 247.22436549936813 148.37410801535628 1.8563965158837346 29.1 5.336794853210449
1.9999999999998905 -3592096.428805247 248.78766718629825 148.37410801535628 1.8563965158837346 29.3 5.6111884117126465
2.0999999999998797 -3591340.9769169427 244.30653523980965 148.37410801535628 1.8563965158837346 29.4 5.885826587677002
2.1999999999998687 -3592112.7025226024 248.8720809834488 148.37410801535628 1.8563965158837346 29.2 6.2072670459747314
2.2999999999998577 -3592011.4314598553 248.29914077408833 148.37410801535628 1.8563965158837346 29.3 6.4828832149505615
2.3999999999998467 -3591670.8704478596 246.26186525450737 148.37410801535628 1.8563965158837346 29.3 6.777517557144165
2.4999999999998357 -3592062.1867128704 248.54323359332668 148.37410801535628 1.8563965158837346 29.4 7.054386854171753
2.5999999999998247 -3591996.432637019 248.2278811336378 148.37410801535628 1.8563965158837346 29.3 7.374668598175049
2.6999999999998137 -3591959.7845648513 248.07219407858992 148.37410801535628 1.8563965158837346 29.4 7.647818326950073
2.7999999999998026 -3591779.2725307303 246.85292535648748 148.37410801535628 1.8563965158837346 29.4 7.923040866851807
2.8999999999997916 -3592170.9296251535 249.28678730534887 148.37410801535628 1.8563965158837346 29.3 8.245731830596924
2.9999999999997806 -3592198.3101533568 249.47737337601578 148.37410801535628 1.8563965158837346 29.4 8.522608518600464
3.0999999999997696 -3591673.6300207535 246.42114460705184 148.37410801535628 1.8563965158837346 29.5 8.798170804977417
3.1999999999997586 -3591603.3572908025 246.06138209187654 148.37410801535628 1.8563965158837346 29.5 9.073002815246582
3.2999999999997476 -3591750.245183243 246.77949908086248 148.37410801535628 1.8563965158837346 29.4 9.392241477966309
3.3999999999997366 -3591791.132535428 247.1668134676353 148.37410801535628 1.8563965158837346 29.5 9.666001558303833
3.4999999999997256 -3592314.270059339 250.08003790461652 148.37410801535628 1.8563965158837346 29.5 9.941652059555054
3.5999999999997145 -3591755.1796727423 246.82197318038192 148.37410801535628 1.8563965158837346 29.5 10.264585018157959
3.6999999999997035 -3592707.3922801977 252.42717656190555 148.37410801535628 1.8563965158837346 29.5 10.53885555267334
3.7999999999996925 -3592037.425032909 248.45130691016317 148.37410801535628 1.8563965158837346 29.6 10.814439296722412
3.8999999999996815 -3591652.442095048 246.31535768430496 148.37410801535628 1.8563965158837346 29.6 11.088551998138428
3.9999999999996705 -3592062.099447969 248.68427639840516 148.37410801535628 1.8563965158837346 29.5 11.406602144241333
4.099999999999704 -3591992.5187513246 248.21013724318115 148.37410801535628 1.8563965158837346 29.6 11.682659387588501
4.199999999999737 -3592421.765641202 250.79780945766234 148.37410801535628 1.8563965158837346 29.6 11.977489948272705
4.299999999999771 -3592246.380164878 249.73991230078252 148.37410801535628 1.8563965158837346 29.5 12.302294492721558
4.399999999999804 -3592900.028915665 253.52109228041857 148.37410801535628 1.8563965158837346 29.5 12.575987100601196
4.4999999999998375 -3592292.8294022167 249.96936588465232 148.37410801535628 1.8563965158837346 29.6 12.849997758865356
4.599999999999871 -3592942.023339865 253.83492219373372 148.37410801535628 1.8563965158837346 29.6 13.124614238739014
4.699999999999904 -3592404.888693928 250.6620531503313 148.37410801535628 1.8563965158837346 29.6 13.442292213439941
4.799999999999938 -3592603.2643875983 251.85764828949237 148.37410801535628 1.8563965158837346 29.6 13.717294931411743
4.899999999999971 -3591989.479744984 248.2915024536019 148.37410801535628 1.8563965158837346 29.6 13.990382194519043
5.000000000000004 -3592070.4279824602 248.6576108319322 148.37410801535628 1.8563965158837346 29.6 14.310859203338623
5.100000000000038 -3592400.3617831185 250.68893641348012 148.37410801535628 1.8563965158837346 29.6 14.586757898330688
5.200000000000071 -3592645.8703195634 252.1472647659181 148.37410801535628 1.8563965158837346 29.6 14.862619638442993
5.300000000000105 -3592444.371982469 251.02366903458685 148.37410801535628 1.8563965158837346 29.7 15.13925313949585
5.400000000000138 -3592367.017141743 250.41430658319524 148.37410801535628 1.8563965158837346 29.6 15.458240985870361
5.500000000000171 -3592480.8391620317 251.1365064962487 148.37410801535628 1.8563965158837346 29.7 15.731762647628784
5.600000000000205 -3592096.611436508 248.82550496935886 148.37410801535628 1.8563965158837346 29.7 16.007208824157715
5.700000000000238 -3592164.5768025694 249.426021568683 148.37410801535628 1.8563965158837346 29.6 16.329020738601685
5.800000000000272 -3592503.7649160665 251.2428563171542 148.37410801535628 1.8563965158837346 29.7 16.604692697525024
5.900000000000305 -3592635.8590568723 251.99695731660117 148.37410801535628 1.8563965158837346 29.7 16.879307746887207
6.000000000000338 -3592114.696951221 249.05007404424498 148.37410801535628 1.8563965158837346 29.7 17.192456007003784
6.100000000000372 -3592790.033031053 252.8531282259846 148.37410801535628 1.8563965158837346 29.6 17.514137268066406
6.200000000000405 -3592165.3197348146 249.19360457355194 148.37410801535628 1.8563965158837346 29.6 17.78873562812805
6.300000000000439 -3592576.6965642134 251.56267995483128 148.37410801535628 1.8563965158837346 29.7 18.0662043094635
6.400000000000472 -3592636.254880541 251.96380106487743 148.37410801535628 1.8563965158837346 29.6 18.387187004089355
6.500000000000505 -3592746.633955747 252.681366707935 148.37410801535628 1.8563965158837346 29.6 18.666167736053467
6.600000000000539 -3592141.370855477 249.20106461701698 148.37410801535628 1.8563965158837346 29.6 18.946313619613647
6.700000000000572 -3592945.0450072037 253.91696038807504 148.37410801535628 1.8563965158837346 29.7 19.21955966949463
6.800000000000606 -3592934.6090791267 253.7867207897278 148.37410801535628 1.8563965158837346 29.6 19.546008110046387
6.900000000000639 -3592750.9597598338 252.67699537229927 148.37410801535628 1.8563965158837346 29.6 19.827309608459473
7.000000000000672 -3592196.6416210337 249.48377003594382 148.37410801535628 1.8563965158837346 29.7 20.101449251174927
7.100000000000706 -3592198.87525415 249.44816341103336 148.37410801535628 1.8563965158837346 29.6 20.423989057540894
7.200000000000739 -3592263.515240957 249.81186081095345 148.37410801535628 1.8563965158837346 29.6 20.704479217529297
7.3000000000007725 -3592513.862669279 251.3412154710518 148.37410801535628 1.8563965158837346 29.6 20.986500024795532
7.400000000000806 -3592744.932994341 252.68567585194336 148.37410801535628 1.8563965158837346 29.7 21.266932249069214
7.500000000000839 -3592429.2037184294 250.9003772438194 148.37410801535628 1.8563965158837346 29.6 21.595351457595825
7.600000000000873 -3592644.348609378 252.0957559533436 148.37410801535628 1.8563965158837346 29.6 21.870737552642822
7.700000000000906 -3592708.5630843956 252.44174345984666 148.37410801535628 1.8563965158837346 29.7 22.14546799659729
7.8000000000009395 -3592819.0725238286 253.10784451155732 148.37410801535628 1.8563965158837346 29.6 22.508814334869385
7.900000000000973 -3592595.969376254 251.85112800315272 148.37410801535628 1.8563965158837346 29.6 22.780991792678833
8.000000000001005 -3592531.874807513 251.43619115154635 148.37410801535628 1.8563965158837346 29.6 23.053468704223633
8.10000000000095 -3592990.3471695734 254.1784262988107 148.37410801535628 1.8563965158837346 29.6 23.328346729278564
8.200000000000895 -3592614.281689544 251.8954833056038 148.37410801535628 1.8563965158837346 29.6 23.64685606956482
8.30000000000084 -3593047.4710393883 254.4905869358214 148.37410801535628 1.8563965158837346 29.6 23.92194151878357
8.400000000000784 -3592232.524838666 249.6911099605098 148.37410801535628 1.8563965158837346 29.6 24.195619583129883
8.500000000000728 -3592624.6592721483 252.03226531397593 148.37410801535628 1.8563965158837346 29.6 24.518033266067505
8.600000000000673 -3592756.364668128 252.73601582298477 148.37410801535628 1.8563965158837346 29.6 24.794384241104126
8.700000000000617 -3592738.700604878 252.6137445313532 148.37410801535628 1.8563965158837346 29.6 25.06837272644043
8.800000000000562 -3592569.4528938048 251.7291300270253 148.37410801535628 1.8563965158837346 29.7 25.344008207321167
8.900000000000507 -3592436.589233748 250.8873843147847 148.37410801535628 1.8563965158837346 29.6 25.665013790130615
9.000000000000451 -3592415.3329990767 250.72498319757202 148.37410801535628 1.8563965158837346 29.6 25.938443422317505
9.100000000000396 -3592610.5443510776 251.95876464692728 148.37410801535628 1.8563965158837346 29.7 26.21286916732788
9.20000000000034 -3592421.953754224 250.8735153494801 148.37410801535628 1.8563965158837346 29.6 26.53324270248413
9.300000000000285 -3592695.8147314554 252.42751910587407 148.37410801535628 1.8563965158837346 29.7 26.80695390701294
9.40000000000023 -3592884.508191789 253.5999911834566 148.37410801535628 1.8563965158837346 29.7 27.079892873764038
9.500000000000174 -3592962.9472469846 253.94818126800334 148.37410801535628 1.8563965158837346 29.7 27.355206727981567
9.600000000000119 -3592400.270994503 250.78876556499375 148.37410801535628 1.8563965158837346 29.7 27.677279710769653
9.700000000000063 -3592909.5753547894 253.6114396716312 148.37410801535628 1.8563965158837346 29.7 27.949408054351807
9.800000000000008 -3593058.665536875 254.4546567932191 148.37410801535628 1.8563965158837346 29.7 28.224043130874634
9.899999999999952 -3592473.239959673 251.15691651459431 148.37410801535628 1.8563965158837346 29.7 28.544347524642944
9.999999999999897 -3592736.9754312593 252.58385821555927 148.37410801535628 1.8563965158837346 29.7 28.817071676254272
