#"Time (ps)" "Potential Energy (kJ/mole)" "Temperature (K)" "Box Volume (nm^3)" "Density (g/mL)" "Speed (ns/day)" "Elapsed Time (s)"
0.009999999999999995 -3594157.0761417034 258.4130472052408 148.37410801535628 1.8563965158837346 0 0.0006756782531738281
0.019999999999999934 -3594745.2754897345 261.90800993585 148.37410801535628 1.8563965158837346 3.17 0.2723662853240967
0.029999999999999874 -3589724.588582498 232.04199651449747 148.37410801535628 1.8563965158837346 2.88 0.600085973739624
0.04000000000000012 -3593951.8892871607 257.18080854604364 148.37410801535628 1.8563965158837346 2.98 0.8697230815887451
0.050000000000000405 -3592444.2064348944 248.21742250796945 148.37410801535628 1.8563965158837346 2.92 1.1845715045928955
0.06000000000000069 -3591561.0497965426 242.96668614436308 148.37410801535628 1.8563965158837346 2.97 1.4569423198699951
0.07000000000000098 -3592888.2082547788 250.86072624778492 148.37410801535628 1.8563965158837346 3 1.7279760837554932
0.08000000000000126 -3591997.8142363047 245.56543987492336 148.37410801535628 1.8563965158837346 2.85 2.1193697452545166
0.09000000000000155 -3594627.088029123 261.2052074414555 148.37410801535628 1.8563965158837346 2.89 2.3909060955047607
0.10000000000000184 -3591091.204220182 240.17697036611628 148.37410801535628 1.8563965158837346 2.92 2.6617305278778076
0.11000000000000212 -3593890.3559477595 256.8238790192495 148.37410801535628 1.8563965158837346 2.94 2.935411214828491
0.12000000000000241 -3590780.197892527 238.32663785070184 148.37410801535628 1.8563965158837346 2.92 3.2496750354766846
0.130000000000002 -3593608.741337876 255.15143585271989 148.37410801535628 1.8563965158837346 2.94 3.5211727619171143
0.1400000000000009 -3591737.6450418895 244.02251675271054 148.37410801535628 1.8563965158837346 2.96 3.790593147277832
0.1499999999999998 -3593372.0357175656 253.74048724258552 148.37410801535628 1.8563965158837346 2.94 4.108332395553589
0.1599999999999987 -3591938.7902582204 245.21701687314982 148.37410801535628 1.8563965158837346 2.96 4.380885124206543
0.1699999999999976 -3592023.9702231465 245.72636745864853 148.37410801535628 1.8563965158837346 2.97 4.651717185974121
0.1799999999999965 -3592156.178190482 246.51256078326637 148.37410801535628 1.8563965158837346 2.98 4.9231650829315186
0.1899999999999954 -3592081.1285335273 246.0641605834363 148.37410801535628 1.8563965158837346 2.97 5.236801862716675
0.1999999999999943 -3592532.0087770284 248.74857443712375 148.37410801535628 1.8563965158837346 2.98 5.507048606872559
0.2099999999999932 -3591917.4141119807 245.09955662802992 148.37410801535628 1.8563965158837346 2.99 5.77946662902832
0.2199999999999921 -3593091.261500861 252.0805986309636 148.37410801535628 1.8563965158837346 2.98 6.098430871963501
0.229999999999991 -3592041.3696175944 245.8356720288074 148.37410801535628 1.8563965158837346 2.98 6.371115207672119
0.2399999999999899 -3592761.5483819004 250.11855326778536 148.37410801535628 1.8563965158837346 2.99 6.641798257827759
0.2499999999999888 -3592067.9050282645 245.99517667824097 148.37410801535628 1.8563965158837346 3 6.912812948226929
0.2599999999999877 -3592605.3766482854 249.18937044237575 148.37410801535628 1.8563965158837346 2.96 7.296835660934448
0.2699999999999866 -3592169.08501245 246.59434017800154 148.37410801535628 1.8563965158837346 2.97 7.567506551742554
0.2799999999999855 -3592326.8436014266 247.53256562176935 148.37410801535628 1.8563965158837346 2.98 7.839722633361816
0.2899999999999844 -3592014.474595586 245.67769106343835 148.37410801535628 1.8563965158837346 2.96 8.159311056137085
0.2999999999999833 -3592651.232375498 249.4632777236218 148.37410801535628 1.8563965158837346 2.97 8.430402755737305
0.3099999999999822 -3592248.4342664755 247.06649472536947 148.37410801535628 1.8563965158837346 2.98 8.702486515045166
0.3199999999999811 -3592345.355081169 247.6416814634963 148.37410801535628 1.8563965158837346 2.98 8.974025249481201
0.32999999999998 -3591690.8258150844 243.7494904251328 148.37410801535628 1.8563965158837346 2.98 9.292423963546753
0.3399999999999789 -3593339.6834448855 253.55544193989033 148.37410801535628 1.8563965158837346 2.98 9.564245223999023
0.3499999999999778 -3592268.138268945 247.1835671792728 148.37410801535628 1.8563965158837346 2.99 9.83523941040039
0.35999999999997667 -3593094.691127561 252.10173498959725 148.37410801535628 1.8563965158837346 2.98 10.154220819473267
0.36999999999997557 -3591884.7823362285 244.90561573617867 148.37410801535628 1.8563965158837346 2.98 10.424615859985352
0.37999999999997447 -3593443.6579985246 254.17517241855643 148.37410801535628 1.8563965158837346 2.99 10.697532415390015
0.38999999999997337 -3592391.2947090934 247.91817415392953 148.37410801535628 1.8563965158837346 2.99 10.968202114105225
0.39999999999997227 -3592673.7068521036 249.6001215456497 148.37410801535628 1.8563965158837346 2.99 11.281910419464111
0.40999999999997117 -3592190.3551213597 246.72717602086047 148.37410801535628 1.8563965158837346 2.99 11.552123308181763
0.41999999999997006 -3592970.5000264538 251.36487021761795 148.37410801535628 1.8563965158837346 3 11.82126760482788
0.42999999999996896 -3592066.29983643 245.98671333969293 148.37410801535628 1.8563965158837346 2.99 12.139559030532837
0.43999999999996786 -3591967.054303311 245.3978040832387 148.37410801535628 1.8563965158837346 2.98 12.47781229019165
0.44999999999996676 -3592364.4838822316 247.76030757409777 148.37410801535628 1.8563965158837346 2.98 12.748772382736206
0.45999999999996566 -3592309.6435646983 247.43345020917988 148.37410801535628 1.8563965158837346 2.99 13.0200834274292
0.46999999999996456 -3592179.425671528 246.66067113620352 148.37410801535628 1.8563965158837346 2.98 13.335845708847046
0.47999999999996346 -3591670.1340894797 243.63362439166062 148.37410801535628 1.8563965158837346 2.98 13.607168674468994
0.48999999999996235 -3592040.8032963523 245.83694048160908 148.37410801535628 1.8563965158837346 2.99 13.878101348876953
0.49999999999996125 -3592200.4035109095 246.7852613480977 148.37410801535628 1.8563965158837346 2.98 14.195108413696289
0.5099999999999602 -3592214.8154683923 246.87150888923713 148.37410801535628 1.8563965158837346 2.99 14.467195510864258
0.519999999999959 -3591533.35666045 242.81967232350465 148.37410801535628 1.8563965158837346 2.99 14.738195896148682
0.529999999999958 -3592345.8208495984 247.64932128101083 148.37410801535628 1.8563965158837346 2.99 15.010819673538208
0.5399999999999568 -3592184.5856285375 246.6888217190107 148.37410801535628 1.8563965158837346 2.99 15.324965000152588
0.5499999999999557 -3592552.9071272565 248.88121038733468 148.37410801535628 1.8563965158837346 2.99 15.59574007987976
0.5599999999999546 -3591418.407212711 242.13573502769376 148.37410801535628 1.8563965158837346 2.99 15.869309902191162
0.5699999999999535 -3592473.065695489 248.4083696426831 148.37410801535628 1.8563965158837346 2.99 16.187188863754272
0.5799999999999524 -3591503.9938594783 242.6437958285838 148.37410801535628 1.8563965158837346 2.99 16.45878553390503
0.5899999999999513 -3593243.858645431 252.99288561552174 148.37410801535628 1.8563965158837346 3 16.7293438911438
0.5999999999999502 -3591478.066934173 242.49034720321805 148.37410801535628 1.8563965158837346 3 17.00073266029358
0.6099999999999491 -3593217.152457175 252.83332689505943 148.37410801535628 1.8563965158837346 2.99 17.317609786987305
0.619999999999948 -3591334.5197314303 241.63881024096472 148.37410801535628 1.8563965158837346 3 17.59036421775818
0.6299999999999469 -3592623.5236423453 249.30631433236633 148.37410801535628 1.8563965158837346 3 17.863263368606567
0.6399999999999458 -3591155.6630115323 240.57745218949603 148.37410801535628 1.8563965158837346 2.99 18.18060278892517
0.6499999999999447 -3592879.289613775 250.82559876162514 148.37410801535628 1.8563965158837346 3 18.451992750167847
0.6599999999999436 -3591890.0656441613 244.94030784003598 148.37410801535628 1.8563965158837346 3 18.724514722824097
0.6699999999999425 -3592481.9825479817 248.46155696081095 148.37410801535628 1.8563965158837346 3 18.996625423431396
0.6799999999999414 -3591664.6833664435 243.60293103586687 148.37410801535628 1.8563965158837346 3 19.31464982032776
0.6899999999999403 -3592282.6206679405 247.27642444912718 148.37410801535628 1.8563965158837346 3 19.58496642112732
0.6999999999999392 -3592305.279371609 247.41195039281146 148.37410801535628 1.8563965158837346 3 19.854862928390503
0.7099999999999381 -3591815.093342242 244.5001905172936 148.37410801535628 1.8563965158837346 3 20.174062967300415
0.719999999999937 -3592304.989967456 247.41600371094614 148.37410801535628 1.8563965158837346 3 20.44482660293579
0.7299999999999359 -3592179.559851572 246.66898866788742 148.37410801535628 1.8563965158837346 3 20.71924352645874
0.7399999999999348 -3593029.871629993 251.72529791750208 148.37410801535628 1.8563965158837346 3.01 20.988792896270752
0.7499999999999337 -3591588.0269553447 243.1518211556888 148.37410801535628 1.8563965158837346 3 21.303714275360107
0.7599999999999326 -3592734.702020401 249.9729165187361 148.37410801535628 1.8563965158837346 3 21.57642149925232
0.7699999999999315 -3591646.992394614 243.4998684227409 148.37410801535628 1.8563965158837346 3.01 21.847168445587158
0.7799999999999304 -3592970.467565453 251.37206019456804 148.37410801535628 1.8563965158837346 3 22.166229963302612
0.7899999999999293 -3591697.9100995865 243.8043840034751 148.37410801535628 1.8563965158837346 3 22.43638324737549
0.7999999999999282 -3592697.628741601 249.74955868172472 148.37410801535628 1.8563965158837346 3 22.759742736816406
0.8099999999999271 -3591774.1713601844 244.255704828446 148.37410801535628 1.8563965158837346 3 23.031830072402954
0.819999999999926 -3591980.770129374 245.48764005431627 148.37410801535628 1.8563965158837346 3 23.34958577156067
0.8299999999999249 -3591276.828352694 241.30233278006068 148.37410801535628 1.8563965158837346 3 23.622510194778442
0.8399999999999238 -3592495.887972555 248.55148742776788 148.37410801535628 1.8563965158837346 3 23.893043994903564
0.8499999999999227 -3592075.929138137 246.0504202868568 148.37410801535628 1.8563965158837346 3 24.210379600524902
0.8599999999999216 -3592336.4472259106 247.60220652295484 148.37410801535628 1.8563965158837346 3 24.48253846168518
0.8699999999999205 -3591462.297743441 242.40488632804767 148.37410801535628 1.8563965158837346 3 24.753695249557495
0.8799999999999194 -3591938.083894352 245.2341674097376 148.37410801535628 1.8563965158837346 3 25.026111364364624
0.8899999999999183 -3592013.8615102638 245.68156008324496 148.37410801535628 1.8563965158837346 3 25.340261697769165
0.8999999999999172 -3592011.720107643 245.66899741246348 148.37410801535628 1.8563965158837346 3 25.609358549118042
0.9099999999999161 -3591906.8724913104 245.04634926373328 148.37410801535628 1.8563965158837346 3 25.882676362991333
0.919999999999915 -3592130.1979317972 246.3761034891747 148.37410801535628 1.8563965158837346 3 26.200202226638794
0.9299999999999139 -3591882.438126831 244.89979780269724 148.37410801535628 1.8563965158837346 3 26.4708194732666
0.9399999999999128 -3591719.218535656 243.93016890577692 148.37410801535628 1.8563965158837346 3 26.74169087409973
0.9499999999999117 -3592169.580218029 246.60654823046002 148.37410801535628 1.8563965158837346 3.01 27.012651681900024
0.9599999999999106 -3592248.7439091187 247.07849954577702 148.37410801535628 1.8563965158837346 3 27.33051562309265
0.9699999999999095 -3592350.6925252657 247.68572329602185 148.37410801535628 1.8563965158837346 3 27.602477550506592
0.9799999999999084 -3591708.043612913 243.8667411875032 148.37410801535628 1.8563965158837346 3.01 27.88719129562378
0.9899999999999073 -3591787.484914398 244.33903342921954 148.37410801535628 1.8563965158837346 3 28.20811176300049
0.9999999999999062 -3592174.0443475056 246.6353724850665 148.37410801535628 1.8563965158837346 3 28.48110270500183
